2026-04-10 00:21:01,490 [INFO] __main__: ============================================================
2026-04-10 00:21:01,490 [INFO] __main__: DOCdemo 自動化フロー 開始
2026-04-10 00:21:01,491 [INFO] __main__: 開始時刻: 2026-04-10 00:21:01
2026-04-10 00:21:01,491 [INFO] __main__: ============================================================
2026-04-10 00:21:01,492 [INFO] spreadsheet_manager: 企業リスト読み込み完了: 147社
2026-04-10 00:21:01,492 [INFO] spreadsheet_manager: 処理対象企業: 147社 / 全147社
2026-04-10 00:21:01,493 [INFO] __main__: 処理対象: 147社
2026-04-10 00:21:03,204 [INFO] web_app_operator: 管理画面にログイン中...
2026-04-10 00:21:11,867 [INFO] web_app_operator: ログイン成功
2026-04-10 00:21:11,867 [INFO] __main__: 
2026-04-10 00:21:11,868 [INFO] __main__: ──────────────────────────────────────────────────
2026-04-10 00:21:11,869 [INFO] __main__: [1/147] one-hat株式会社 (ステータス: 未処理)
2026-04-10 00:21:11,869 [INFO] __main__: ──────────────────────────────────────────────────
2026-04-10 00:21:11,869 [INFO] __main__: Step 1/6: ホームページURL検索...
2026-04-10 00:21:11,870 [INFO] url_finder: URL検索開始: one-hat株式会社 公式サイト
2026-04-10 00:21:13,040 [WARNING] url_finder: URL特定失敗: one-hat株式会社 — 検索結果に適切なリンクなし
2026-04-10 00:21:13,041 [INFO] spreadsheet_manager: 企業リスト保存完了: 147社 → C:\Users\shofu\Desktop\neo-career\DOCdemo_update_project\data\company_list.csv
2026-04-10 00:21:13,042 [WARNING] __main__: ⏭️ one-hat株式会社: URL不明のためスキップ
2026-04-10 00:21:13,042 [INFO] __main__: 
2026-04-10 00:21:13,042 [INFO] __main__: ──────────────────────────────────────────────────
2026-04-10 00:21:13,042 [INFO] __main__: [2/147] スターツコーポレートサービス株式会社 (ステータス: 未処理)
2026-04-10 00:21:13,042 [INFO] __main__: ──────────────────────────────────────────────────
2026-04-10 00:21:13,042 [INFO] __main__: Step 1/6: ホームページURL検索...
2026-04-10 00:21:13,042 [INFO] url_finder: URL検索開始: スターツコーポレートサービス株式会社 公式サイト
2026-04-10 00:21:14,264 [WARNING] url_finder: URL特定失敗: スターツコーポレートサービス株式会社 — 検索結果に適切なリンクなし
2026-04-10 00:21:14,266 [INFO] spreadsheet_manager: 企業リスト保存完了: 147社 → C:\Users\shofu\Desktop\neo-career\DOCdemo_update_project\data\company_list.csv
2026-04-10 00:21:14,266 [WARNING] __main__: ⏭️ スターツコーポレートサービス株式会社: URL不明のためスキップ
2026-04-10 00:21:14,266 [INFO] __main__: 
2026-04-10 00:21:14,266 [INFO] __main__: ──────────────────────────────────────────────────
2026-04-10 00:21:14,266 [INFO] __main__: [3/147] 株式会社Felnis (ステータス: 未処理)
2026-04-10 00:21:14,266 [INFO] __main__: ──────────────────────────────────────────────────
2026-04-10 00:21:14,266 [INFO] __main__: Step 1/6: ホームページURL検索...
2026-04-10 00:21:14,266 [INFO] url_finder: URL検索開始: 株式会社Felnis 公式サイト
2026-04-10 00:21:15,876 [WARNING] url_finder: URL特定失敗: 株式会社Felnis — 検索結果に適切なリンクなし
2026-04-10 00:21:15,876 [INFO] spreadsheet_manager: 企業リスト保存完了: 147社 → C:\Users\shofu\Desktop\neo-career\DOCdemo_update_project\data\company_list.csv
2026-04-10 00:21:15,876 [WARNING] __main__: ⏭️ 株式会社Felnis: URL不明のためスキップ
2026-04-10 00:21:15,876 [INFO] __main__: 
2026-04-10 00:21:15,876 [INFO] __main__: ──────────────────────────────────────────────────
2026-04-10 00:21:15,876 [INFO] __main__: [4/147] 株式会社トウチュウ (ステータス: 未処理)
2026-04-10 00:21:15,876 [INFO] __main__: ──────────────────────────────────────────────────
2026-04-10 00:21:15,882 [INFO] __main__: Step 1/6: ホームページURL検索...
2026-04-10 00:21:15,882 [INFO] url_finder: URL検索開始: 株式会社トウチュウ 公式サイト
2026-04-10 00:21:17,300 [WARNING] url_finder: URL特定失敗: 株式会社トウチュウ — 検索結果に適切なリンクなし
2026-04-10 00:21:17,300 [INFO] spreadsheet_manager: 企業リスト保存完了: 147社 → C:\Users\shofu\Desktop\neo-career\DOCdemo_update_project\data\company_list.csv
2026-04-10 00:21:17,300 [WARNING] __main__: ⏭️ 株式会社トウチュウ: URL不明のためスキップ
2026-04-10 00:21:17,300 [INFO] __main__: 
2026-04-10 00:21:17,300 [INFO] __main__: ──────────────────────────────────────────────────
2026-04-10 00:21:17,300 [INFO] __main__: [5/147] 伊勢住宅株式会社 (ステータス: 未処理)
2026-04-10 00:21:17,300 [INFO] __main__: ──────────────────────────────────────────────────
2026-04-10 00:21:17,300 [INFO] __main__: Step 1/6: ホームページURL検索...
2026-04-10 00:21:17,304 [INFO] url_finder: URL検索開始: 伊勢住宅株式会社 公式サイト
2026-04-10 00:21:19,787 [WARNING] url_finder: URL特定失敗: 伊勢住宅株式会社 — 検索結果に適切なリンクなし
2026-04-10 00:21:19,789 [INFO] spreadsheet_manager: 企業リスト保存完了: 147社 → C:\Users\shofu\Desktop\neo-career\DOCdemo_update_project\data\company_list.csv
2026-04-10 00:21:19,789 [WARNING] __main__: ⏭️ 伊勢住宅株式会社: URL不明のためスキップ
2026-04-10 00:21:19,789 [INFO] __main__: 
2026-04-10 00:21:19,789 [INFO] __main__: ──────────────────────────────────────────────────
2026-04-10 00:21:19,789 [INFO] __main__: [6/147] 西日本高速道路サービス四国株式会社 (ステータス: 未処理)
2026-04-10 00:21:19,790 [INFO] __main__: ──────────────────────────────────────────────────
2026-04-10 00:21:19,790 [INFO] __main__: Step 1/6: ホームページURL検索...
2026-04-10 00:21:19,790 [INFO] url_finder: URL検索開始: 西日本高速道路サービス四国株式会社 公式サイト
2026-04-10 00:21:21,321 [WARNING] url_finder: URL特定失敗: 西日本高速道路サービス四国株式会社 — 検索結果に適切なリンクなし
2026-04-10 00:21:21,322 [INFO] spreadsheet_manager: 企業リスト保存完了: 147社 → C:\Users\shofu\Desktop\neo-career\DOCdemo_update_project\data\company_list.csv
2026-04-10 00:21:21,323 [WARNING] __main__: ⏭️ 西日本高速道路サービス四国株式会社: URL不明のためスキップ
2026-04-10 00:21:21,323 [INFO] __main__: 
2026-04-10 00:21:21,323 [INFO] __main__: ──────────────────────────────────────────────────
2026-04-10 00:21:21,323 [INFO] __main__: [7/147] 株式会社日東フルライン (ステータス: 未処理)
2026-04-10 00:21:21,324 [INFO] __main__: ──────────────────────────────────────────────────
2026-04-10 00:21:21,324 [INFO] __main__: Step 1/6: ホームページURL検索...
2026-04-10 00:21:21,324 [INFO] url_finder: URL検索開始: 株式会社日東フルライン 公式サイト
2026-04-10 00:21:23,057 [WARNING] url_finder: URL特定失敗: 株式会社日東フルライン — 検索結果に適切なリンクなし
2026-04-10 00:21:23,060 [INFO] spreadsheet_manager: 企業リスト保存完了: 147社 → C:\Users\shofu\Desktop\neo-career\DOCdemo_update_project\data\company_list.csv
2026-04-10 00:21:23,060 [WARNING] __main__: ⏭️ 株式会社日東フルライン: URL不明のためスキップ
2026-04-10 00:21:23,060 [INFO] __main__: 
2026-04-10 00:21:23,060 [INFO] __main__: ──────────────────────────────────────────────────
2026-04-10 00:21:23,060 [INFO] __main__: [8/147] 関西エアポートリテールサービス株式会社 (ステータス: 未処理)
2026-04-10 00:21:23,060 [INFO] __main__: ──────────────────────────────────────────────────
2026-04-10 00:21:23,060 [INFO] __main__: Step 1/6: ホームページURL検索...
2026-04-10 00:21:23,060 [INFO] url_finder: URL検索開始: 関西エアポートリテールサービス株式会社 公式サイト
2026-04-10 00:21:24,445 [WARNING] url_finder: URL特定失敗: 関西エアポートリテールサービス株式会社 — 検索結果に適切なリンクなし
2026-04-10 00:21:24,446 [INFO] spreadsheet_manager: 企業リスト保存完了: 147社 → C:\Users\shofu\Desktop\neo-career\DOCdemo_update_project\data\company_list.csv
2026-04-10 00:21:24,446 [WARNING] __main__: ⏭️ 関西エアポートリテールサービス株式会社: URL不明のためスキップ
2026-04-10 00:21:24,447 [INFO] __main__: 
2026-04-10 00:21:24,447 [INFO] __main__: ──────────────────────────────────────────────────
2026-04-10 00:21:24,447 [INFO] __main__: [9/147] 明雪ロジスティクス株式会社 (ステータス: 未処理)
2026-04-10 00:21:24,447 [INFO] __main__: ──────────────────────────────────────────────────
2026-04-10 00:21:24,447 [INFO] __main__: Step 1/6: ホームページURL検索...
2026-04-10 00:21:24,447 [INFO] url_finder: URL検索開始: 明雪ロジスティクス株式会社 公式サイト
2026-04-10 00:21:26,195 [WARNING] url_finder: URL特定失敗: 明雪ロジスティクス株式会社 — 検索結果に適切なリンクなし
2026-04-10 00:21:26,197 [INFO] spreadsheet_manager: 企業リスト保存完了: 147社 → C:\Users\shofu\Desktop\neo-career\DOCdemo_update_project\data\company_list.csv
2026-04-10 00:21:26,197 [WARNING] __main__: ⏭️ 明雪ロジスティクス株式会社: URL不明のためスキップ
2026-04-10 00:21:26,197 [INFO] __main__: 
2026-04-10 00:21:26,197 [INFO] __main__: ──────────────────────────────────────────────────
2026-04-10 00:21:26,197 [INFO] __main__: [10/147] 株式会社ライズ (ステータス: 未処理)
2026-04-10 00:21:26,197 [INFO] __main__: ──────────────────────────────────────────────────
2026-04-10 00:21:26,197 [INFO] __main__: Step 1/6: ホームページURL検索...
2026-04-10 00:21:26,199 [INFO] url_finder: URL検索開始: 株式会社ライズ 公式サイト
2026-04-10 00:21:27,933 [WARNING] url_finder: URL特定失敗: 株式会社ライズ — 検索結果に適切なリンクなし
2026-04-10 00:21:27,939 [INFO] spreadsheet_manager: 企業リスト保存完了: 147社 → C:\Users\shofu\Desktop\neo-career\DOCdemo_update_project\data\company_list.csv
2026-04-10 00:21:27,939 [WARNING] __main__: ⏭️ 株式会社ライズ: URL不明のためスキップ
2026-04-10 00:21:27,939 [INFO] __main__: 
2026-04-10 00:21:27,939 [INFO] __main__: ──────────────────────────────────────────────────
2026-04-10 00:21:27,939 [INFO] __main__: [11/147] 株式会社PFC (ステータス: 未処理)
2026-04-10 00:21:27,939 [INFO] __main__: ──────────────────────────────────────────────────
2026-04-10 00:21:27,939 [INFO] __main__: Step 1/6: ホームページURL検索...
2026-04-10 00:21:27,939 [INFO] url_finder: URL検索開始: 株式会社PFC 公式サイト
2026-04-10 00:21:29,618 [WARNING] url_finder: URL特定失敗: 株式会社PFC — 検索結果に適切なリンクなし
2026-04-10 00:21:29,618 [INFO] spreadsheet_manager: 企業リスト保存完了: 147社 → C:\Users\shofu\Desktop\neo-career\DOCdemo_update_project\data\company_list.csv
2026-04-10 00:21:29,618 [WARNING] __main__: ⏭️ 株式会社PFC: URL不明のためスキップ
2026-04-10 00:21:29,618 [INFO] __main__: 
2026-04-10 00:21:29,618 [INFO] __main__: ──────────────────────────────────────────────────
2026-04-10 00:21:29,618 [INFO] __main__: [12/147] 株式会社Growship (ステータス: 未処理)
2026-04-10 00:21:29,618 [INFO] __main__: ──────────────────────────────────────────────────
2026-04-10 00:21:29,618 [INFO] __main__: Step 1/6: ホームページURL検索...
2026-04-10 00:21:29,618 [INFO] url_finder: URL検索開始: 株式会社Growship 公式サイト
2026-04-10 00:21:31,060 [WARNING] url_finder: URL特定失敗: 株式会社Growship — 検索結果に適切なリンクなし
2026-04-10 00:21:31,060 [INFO] spreadsheet_manager: 企業リスト保存完了: 147社 → C:\Users\shofu\Desktop\neo-career\DOCdemo_update_project\data\company_list.csv
2026-04-10 00:21:31,060 [WARNING] __main__: ⏭️ 株式会社Growship: URL不明のためスキップ
2026-04-10 00:21:31,060 [INFO] __main__: 
2026-04-10 00:21:31,060 [INFO] __main__: ──────────────────────────────────────────────────
2026-04-10 00:21:31,060 [INFO] __main__: [13/147] 株式会社万一 (ステータス: 未処理)
2026-04-10 00:21:31,060 [INFO] __main__: ──────────────────────────────────────────────────
2026-04-10 00:21:31,060 [INFO] __main__: Step 1/6: ホームページURL検索...
2026-04-10 00:21:31,060 [INFO] url_finder: URL検索開始: 株式会社万一 公式サイト
2026-04-10 00:21:32,420 [WARNING] url_finder: URL特定失敗: 株式会社万一 — 検索結果に適切なリンクなし
2026-04-10 00:21:32,422 [INFO] spreadsheet_manager: 企業リスト保存完了: 147社 → C:\Users\shofu\Desktop\neo-career\DOCdemo_update_project\data\company_list.csv
2026-04-10 00:21:32,422 [WARNING] __main__: ⏭️ 株式会社万一: URL不明のためスキップ
2026-04-10 00:21:32,423 [INFO] __main__: 
2026-04-10 00:21:32,423 [INFO] __main__: ──────────────────────────────────────────────────
2026-04-10 00:21:32,423 [INFO] __main__: [14/147] SANEI株式会社 (ステータス: 未処理)
2026-04-10 00:21:32,423 [INFO] __main__: ──────────────────────────────────────────────────
2026-04-10 00:21:32,423 [INFO] __main__: Step 1/6: ホームページURL検索...
2026-04-10 00:21:32,423 [INFO] url_finder: URL検索開始: SANEI株式会社 公式サイト
2026-04-10 00:21:33,916 [WARNING] url_finder: URL特定失敗: SANEI株式会社 — 検索結果に適切なリンクなし
2026-04-10 00:21:33,920 [INFO] spreadsheet_manager: 企業リスト保存完了: 147社 → C:\Users\shofu\Desktop\neo-career\DOCdemo_update_project\data\company_list.csv
2026-04-10 00:21:33,920 [WARNING] __main__: ⏭️ SANEI株式会社: URL不明のためスキップ
2026-04-10 00:21:33,920 [INFO] __main__: 
2026-04-10 00:21:33,920 [INFO] __main__: ──────────────────────────────────────────────────
2026-04-10 00:21:33,920 [INFO] __main__: [15/147] 神戸医師協同組合 (ステータス: 未処理)
2026-04-10 00:21:33,920 [INFO] __main__: ──────────────────────────────────────────────────
2026-04-10 00:21:33,920 [INFO] __main__: Step 1/6: ホームページURL検索...
2026-04-10 00:21:33,920 [INFO] url_finder: URL検索開始: 神戸医師協同組合 公式サイト
2026-04-10 00:21:35,347 [WARNING] url_finder: URL特定失敗: 神戸医師協同組合 — 検索結果に適切なリンクなし
2026-04-10 00:21:35,349 [INFO] spreadsheet_manager: 企業リスト保存完了: 147社 → C:\Users\shofu\Desktop\neo-career\DOCdemo_update_project\data\company_list.csv
2026-04-10 00:21:35,349 [WARNING] __main__: ⏭️ 神戸医師協同組合: URL不明のためスキップ
2026-04-10 00:21:35,349 [INFO] __main__: 
2026-04-10 00:21:35,349 [INFO] __main__: ──────────────────────────────────────────────────
2026-04-10 00:21:35,349 [INFO] __main__: [16/147] 株式会社ココロザシ (ステータス: 未処理)
2026-04-10 00:21:35,349 [INFO] __main__: ──────────────────────────────────────────────────
2026-04-10 00:21:35,349 [INFO] __main__: Step 1/6: ホームページURL検索...
2026-04-10 00:21:35,349 [INFO] url_finder: URL検索開始: 株式会社ココロザシ 公式サイト
2026-04-10 00:21:36,775 [WARNING] url_finder: URL特定失敗: 株式会社ココロザシ — 検索結果に適切なリンクなし
2026-04-10 00:21:36,775 [INFO] spreadsheet_manager: 企業リスト保存完了: 147社 → C:\Users\shofu\Desktop\neo-career\DOCdemo_update_project\data\company_list.csv
2026-04-10 00:21:36,775 [WARNING] __main__: ⏭️ 株式会社ココロザシ: URL不明のためスキップ
2026-04-10 00:21:36,775 [INFO] __main__: 
2026-04-10 00:21:36,775 [INFO] __main__: ──────────────────────────────────────────────────
2026-04-10 00:21:36,775 [INFO] __main__: [17/147] コバヤシ産業株式会社 (ステータス: 未処理)
2026-04-10 00:21:36,775 [INFO] __main__: ──────────────────────────────────────────────────
2026-04-10 00:21:36,775 [INFO] __main__: Step 1/6: ホームページURL検索...
2026-04-10 00:21:36,775 [INFO] url_finder: URL検索開始: コバヤシ産業株式会社 公式サイト
2026-04-10 00:21:38,055 [WARNING] url_finder: URL特定失敗: コバヤシ産業株式会社 — 検索結果に適切なリンクなし
2026-04-10 00:21:38,056 [INFO] spreadsheet_manager: 企業リスト保存完了: 147社 → C:\Users\shofu\Desktop\neo-career\DOCdemo_update_project\data\company_list.csv
2026-04-10 00:21:38,057 [WARNING] __main__: ⏭️ コバヤシ産業株式会社: URL不明のためスキップ
2026-04-10 00:21:38,057 [INFO] __main__: 
2026-04-10 00:21:38,057 [INFO] __main__: ──────────────────────────────────────────────────
2026-04-10 00:21:38,057 [INFO] __main__: [18/147] アクシアロジ株式会社 (ステータス: 未処理)
2026-04-10 00:21:38,057 [INFO] __main__: ──────────────────────────────────────────────────
2026-04-10 00:21:38,057 [INFO] __main__: Step 1/6: ホームページURL検索...
2026-04-10 00:21:38,058 [INFO] url_finder: URL検索開始: アクシアロジ株式会社 公式サイト
2026-04-10 00:21:38,667 [WARNING] url_finder: URL検索エラー (試行 1/3): Page.goto: net::ERR_ABORTED; maybe frame was detached?
Call log:
  - navigating to "https://www.google.com/search?q=%E3%82%A2%E3%82%AF%E3%82%B7%E3%82%A2%E3%83%AD%E3%82%B8%E6%A0%AA%E5%BC%8F%E4%BC%9A%E7%A4%BE%20%E5%85%AC%E5%BC%8F%E3%82%B5%E3%82%A4%E3%83%88&hl=ja", waiting until "domcontentloaded"

2026-04-10 00:21:47,039 [INFO] __main__: ============================================================
2026-04-10 00:21:47,039 [INFO] __main__: DOCdemo 自動化フロー 開始
2026-04-10 00:21:47,039 [INFO] __main__: 開始時刻: 2026-04-10 00:21:47
2026-04-10 00:21:47,040 [INFO] __main__: ============================================================
2026-04-10 00:21:47,041 [INFO] spreadsheet_manager: 企業リスト読み込み完了: 147社
2026-04-10 00:21:47,041 [INFO] spreadsheet_manager: 処理対象企業: 130社 / 全147社
2026-04-10 00:21:47,041 [INFO] __main__: 処理対象: 130社
2026-04-10 00:21:47,893 [INFO] web_app_operator: 管理画面にログイン中...
2026-04-10 00:21:56,597 [INFO] web_app_operator: ログイン成功
2026-04-10 00:21:56,597 [INFO] __main__: 
2026-04-10 00:21:56,597 [INFO] __main__: ──────────────────────────────────────────────────
2026-04-10 00:21:56,597 [INFO] __main__: [1/130] アクシアロジ株式会社 (ステータス: 未処理)
2026-04-10 00:21:56,597 [INFO] __main__: ──────────────────────────────────────────────────
2026-04-10 00:21:56,597 [INFO] __main__: Step 1/6: ホームページURL検索...
2026-04-10 00:21:56,597 [INFO] url_finder: URL検索開始: アクシアロジ株式会社 公式サイト
2026-04-10 00:21:57,743 [WARNING] url_finder: URL特定失敗: アクシアロジ株式会社 — 検索結果に適切なリンクなし
2026-04-10 00:21:57,744 [INFO] spreadsheet_manager: 企業リスト保存完了: 147社 → C:\Users\shofu\Desktop\neo-career\DOCdemo_update_project\data\company_list.csv
2026-04-10 00:21:57,744 [WARNING] __main__: ⏭️ アクシアロジ株式会社: URL不明のためスキップ
2026-04-10 00:21:57,745 [INFO] __main__: 
2026-04-10 00:21:57,745 [INFO] __main__: ──────────────────────────────────────────────────
2026-04-10 00:21:57,745 [INFO] __main__: [2/130] 株式会社グランネット (ステータス: 未処理)
2026-04-10 00:21:57,745 [INFO] __main__: ──────────────────────────────────────────────────
2026-04-10 00:21:57,745 [INFO] __main__: Step 1/6: ホームページURL検索...
2026-04-10 00:21:57,746 [INFO] url_finder: URL検索開始: 株式会社グランネット 公式サイト
2026-04-10 00:21:58,944 [WARNING] url_finder: URL特定失敗: 株式会社グランネット — 検索結果に適切なリンクなし
2026-04-10 00:21:58,945 [INFO] spreadsheet_manager: 企業リスト保存完了: 147社 → C:\Users\shofu\Desktop\neo-career\DOCdemo_update_project\data\company_list.csv
2026-04-10 00:21:58,946 [WARNING] __main__: ⏭️ 株式会社グランネット: URL不明のためスキップ
2026-04-10 00:21:58,946 [INFO] __main__: 
2026-04-10 00:21:58,946 [INFO] __main__: ──────────────────────────────────────────────────
2026-04-10 00:21:58,946 [INFO] __main__: [3/130] 松井鋼材株式会社 (ステータス: 未処理)
2026-04-10 00:21:58,947 [INFO] __main__: ──────────────────────────────────────────────────
2026-04-10 00:21:58,947 [INFO] __main__: Step 1/6: ホームページURL検索...
2026-04-10 00:21:58,947 [INFO] url_finder: URL検索開始: 松井鋼材株式会社 公式サイト
2026-04-10 00:22:00,560 [WARNING] url_finder: URL特定失敗: 松井鋼材株式会社 — 検索結果に適切なリンクなし
2026-04-10 00:22:00,566 [INFO] spreadsheet_manager: 企業リスト保存完了: 147社 → C:\Users\shofu\Desktop\neo-career\DOCdemo_update_project\data\company_list.csv
2026-04-10 00:22:00,566 [WARNING] __main__: ⏭️ 松井鋼材株式会社: URL不明のためスキップ
2026-04-10 00:22:00,566 [INFO] __main__: 
2026-04-10 00:22:00,566 [INFO] __main__: ──────────────────────────────────────────────────
2026-04-10 00:22:00,566 [INFO] __main__: [4/130] 株式会社フィットワークス (ステータス: 未処理)
2026-04-10 00:22:00,566 [INFO] __main__: ──────────────────────────────────────────────────
2026-04-10 00:22:00,567 [INFO] __main__: Step 1/6: ホームページURL検索...
2026-04-10 00:22:00,567 [INFO] url_finder: URL検索開始: 株式会社フィットワークス 公式サイト
2026-04-10 00:22:02,126 [WARNING] url_finder: URL特定失敗: 株式会社フィットワークス — 検索結果に適切なリンクなし
2026-04-10 00:22:02,126 [INFO] spreadsheet_manager: 企業リスト保存完了: 147社 → C:\Users\shofu\Desktop\neo-career\DOCdemo_update_project\data\company_list.csv
2026-04-10 00:22:02,132 [WARNING] __main__: ⏭️ 株式会社フィットワークス: URL不明のためスキップ
2026-04-10 00:22:02,132 [INFO] __main__: 
2026-04-10 00:22:02,132 [INFO] __main__: ──────────────────────────────────────────────────
2026-04-10 00:22:02,132 [INFO] __main__: [5/130] 株式会社ライズトラスト (ステータス: 未処理)
2026-04-10 00:22:02,132 [INFO] __main__: ──────────────────────────────────────────────────
2026-04-10 00:22:02,133 [INFO] __main__: Step 1/6: ホームページURL検索...
2026-04-10 00:22:02,133 [INFO] url_finder: URL検索開始: 株式会社ライズトラスト 公式サイト
2026-04-10 00:22:03,766 [WARNING] url_finder: URL特定失敗: 株式会社ライズトラスト — 検索結果に適切なリンクなし
2026-04-10 00:22:03,766 [INFO] spreadsheet_manager: 企業リスト保存完了: 147社 → C:\Users\shofu\Desktop\neo-career\DOCdemo_update_project\data\company_list.csv
2026-04-10 00:22:03,766 [WARNING] __main__: ⏭️ 株式会社ライズトラスト: URL不明のためスキップ
2026-04-10 00:22:03,766 [INFO] __main__: 
2026-04-10 00:22:03,766 [INFO] __main__: ──────────────────────────────────────────────────
2026-04-10 00:22:03,766 [INFO] __main__: [6/130] 日商メディカル株式会社 (ステータス: 未処理)
2026-04-10 00:22:03,766 [INFO] __main__: ──────────────────────────────────────────────────
2026-04-10 00:22:03,766 [INFO] __main__: Step 1/6: ホームページURL検索...
2026-04-10 00:22:03,766 [INFO] url_finder: URL検索開始: 日商メディカル株式会社 公式サイト
2026-04-10 00:22:05,389 [WARNING] url_finder: URL特定失敗: 日商メディカル株式会社 — 検索結果に適切なリンクなし
2026-04-10 00:22:05,389 [INFO] spreadsheet_manager: 企業リスト保存完了: 147社 → C:\Users\shofu\Desktop\neo-career\DOCdemo_update_project\data\company_list.csv
2026-04-10 00:22:05,391 [WARNING] __main__: ⏭️ 日商メディカル株式会社: URL不明のためスキップ
2026-04-10 00:22:05,391 [INFO] __main__: 
2026-04-10 00:22:05,391 [INFO] __main__: ──────────────────────────────────────────────────
2026-04-10 00:22:05,391 [INFO] __main__: [7/130] 医療法人社団日生会 (ステータス: 未処理)
2026-04-10 00:22:05,391 [INFO] __main__: ──────────────────────────────────────────────────
2026-04-10 00:22:05,391 [INFO] __main__: Step 1/6: ホームページURL検索...
2026-04-10 00:22:05,391 [INFO] url_finder: URL検索開始: 医療法人社団日生会 公式サイト
2026-04-10 00:22:06,878 [WARNING] url_finder: URL特定失敗: 医療法人社団日生会 — 検索結果に適切なリンクなし
2026-04-10 00:22:06,879 [INFO] spreadsheet_manager: 企業リスト保存完了: 147社 → C:\Users\shofu\Desktop\neo-career\DOCdemo_update_project\data\company_list.csv
2026-04-10 00:22:06,879 [WARNING] __main__: ⏭️ 医療法人社団日生会: URL不明のためスキップ
2026-04-10 00:22:06,880 [INFO] __main__: 
2026-04-10 00:22:06,880 [INFO] __main__: ──────────────────────────────────────────────────
2026-04-10 00:22:06,880 [INFO] __main__: [8/130] 関東明雪運輸株式会社 (ステータス: 未処理)
2026-04-10 00:22:06,880 [INFO] __main__: ──────────────────────────────────────────────────
2026-04-10 00:22:06,880 [INFO] __main__: Step 1/6: ホームページURL検索...
2026-04-10 00:22:06,880 [INFO] url_finder: URL検索開始: 関東明雪運輸株式会社 公式サイト
2026-04-10 00:22:08,546 [WARNING] url_finder: URL特定失敗: 関東明雪運輸株式会社 — 検索結果に適切なリンクなし
2026-04-10 00:22:08,547 [INFO] spreadsheet_manager: 企業リスト保存完了: 147社 → C:\Users\shofu\Desktop\neo-career\DOCdemo_update_project\data\company_list.csv
2026-04-10 00:22:08,547 [WARNING] __main__: ⏭️ 関東明雪運輸株式会社: URL不明のためスキップ
2026-04-10 00:22:08,548 [INFO] __main__: 
2026-04-10 00:22:08,549 [INFO] __main__: ──────────────────────────────────────────────────
2026-04-10 00:22:08,549 [INFO] __main__: [9/130] 株式会社クリア (ステータス: 未処理)
2026-04-10 00:22:08,549 [INFO] __main__: ──────────────────────────────────────────────────
2026-04-10 00:22:08,549 [INFO] __main__: Step 1/6: ホームページURL検索...
2026-04-10 00:22:08,549 [INFO] url_finder: URL検索開始: 株式会社クリア 公式サイト
2026-04-10 00:22:10,149 [WARNING] url_finder: URL特定失敗: 株式会社クリア — 検索結果に適切なリンクなし
2026-04-10 00:22:10,154 [INFO] spreadsheet_manager: 企業リスト保存完了: 147社 → C:\Users\shofu\Desktop\neo-career\DOCdemo_update_project\data\company_list.csv
2026-04-10 00:22:10,154 [WARNING] __main__: ⏭️ 株式会社クリア: URL不明のためスキップ
2026-04-10 00:22:10,154 [INFO] __main__: 
2026-04-10 00:22:10,154 [INFO] __main__: ──────────────────────────────────────────────────
2026-04-10 00:22:10,154 [INFO] __main__: [10/130] 株式会社ムーヴ (ステータス: 未処理)
2026-04-10 00:22:10,154 [INFO] __main__: ──────────────────────────────────────────────────
2026-04-10 00:22:10,154 [INFO] __main__: Step 1/6: ホームページURL検索...
2026-04-10 00:22:10,154 [INFO] url_finder: URL検索開始: 株式会社ムーヴ 公式サイト
2026-04-10 00:22:11,689 [WARNING] url_finder: URL特定失敗: 株式会社ムーヴ — 検索結果に適切なリンクなし
2026-04-10 00:22:11,689 [INFO] spreadsheet_manager: 企業リスト保存完了: 147社 → C:\Users\shofu\Desktop\neo-career\DOCdemo_update_project\data\company_list.csv
2026-04-10 00:22:11,689 [WARNING] __main__: ⏭️ 株式会社ムーヴ: URL不明のためスキップ
2026-04-10 00:22:11,689 [INFO] __main__: 
2026-04-10 00:22:11,689 [INFO] __main__: ──────────────────────────────────────────────────
2026-04-10 00:22:11,689 [INFO] __main__: [11/130] 株式会社Atoms (ステータス: 未処理)
2026-04-10 00:22:11,689 [INFO] __main__: ──────────────────────────────────────────────────
2026-04-10 00:22:11,689 [INFO] __main__: Step 1/6: ホームページURL検索...
2026-04-10 00:22:11,689 [INFO] url_finder: URL検索開始: 株式会社Atoms 公式サイト
2026-04-10 00:22:13,422 [WARNING] url_finder: URL特定失敗: 株式会社Atoms — 検索結果に適切なリンクなし
2026-04-10 00:22:13,423 [INFO] spreadsheet_manager: 企業リスト保存完了: 147社 → C:\Users\shofu\Desktop\neo-career\DOCdemo_update_project\data\company_list.csv
2026-04-10 00:22:13,423 [WARNING] __main__: ⏭️ 株式会社Atoms: URL不明のためスキップ
2026-04-10 00:22:13,423 [INFO] __main__: 
2026-04-10 00:22:13,423 [INFO] __main__: ──────────────────────────────────────────────────
2026-04-10 00:22:13,424 [INFO] __main__: [12/130] 株式会社ジャパンエステート (ステータス: 未処理)
2026-04-10 00:22:13,424 [INFO] __main__: ──────────────────────────────────────────────────
2026-04-10 00:22:13,424 [INFO] __main__: Step 1/6: ホームページURL検索...
2026-04-10 00:22:13,424 [INFO] url_finder: URL検索開始: 株式会社ジャパンエステート 公式サイト
2026-04-10 00:22:15,046 [WARNING] url_finder: URL特定失敗: 株式会社ジャパンエステート — 検索結果に適切なリンクなし
2026-04-10 00:22:15,047 [INFO] spreadsheet_manager: 企業リスト保存完了: 147社 → C:\Users\shofu\Desktop\neo-career\DOCdemo_update_project\data\company_list.csv
2026-04-10 00:22:15,048 [WARNING] __main__: ⏭️ 株式会社ジャパンエステート: URL不明のためスキップ
2026-04-10 00:22:15,048 [INFO] __main__: 
2026-04-10 00:22:15,048 [INFO] __main__: ──────────────────────────────────────────────────
2026-04-10 00:22:15,048 [INFO] __main__: [13/130] 株式会社コインパーク (ステータス: 未処理)
2026-04-10 00:22:15,048 [INFO] __main__: ──────────────────────────────────────────────────
2026-04-10 00:22:15,049 [INFO] __main__: Step 1/6: ホームページURL検索...
2026-04-10 00:22:15,049 [INFO] url_finder: URL検索開始: 株式会社コインパーク 公式サイト
2026-04-10 00:22:16,624 [WARNING] url_finder: URL特定失敗: 株式会社コインパーク — 検索結果に適切なリンクなし
2026-04-10 00:22:16,626 [INFO] spreadsheet_manager: 企業リスト保存完了: 147社 → C:\Users\shofu\Desktop\neo-career\DOCdemo_update_project\data\company_list.csv
2026-04-10 00:22:16,626 [WARNING] __main__: ⏭️ 株式会社コインパーク: URL不明のためスキップ
2026-04-10 00:22:16,626 [INFO] __main__: 
2026-04-10 00:22:16,626 [INFO] __main__: ──────────────────────────────────────────────────
2026-04-10 00:22:16,626 [INFO] __main__: [14/130] 株式会社タウ (ステータス: 未処理)
2026-04-10 00:22:16,626 [INFO] __main__: ──────────────────────────────────────────────────
2026-04-10 00:22:16,627 [INFO] __main__: Step 1/6: ホームページURL検索...
2026-04-10 00:22:16,627 [INFO] url_finder: URL検索開始: 株式会社タウ 公式サイト
2026-04-10 00:22:18,047 [WARNING] url_finder: URL検索エラー (試行 1/3): 'dict' object has no attribute '_object'
2026-04-10 00:22:23,066 [WARNING] url_finder: URL検索エラー (試行 2/3): Page.goto: Target page, context or browser has been closed
